2025-07-13 16:42:52,506 - INFO - Starting migration from skytrondbnew2 to skytrondb_main
2025-07-13 16:42:52,541 - INFO - Found 77 tables to migrate
2025-07-13 16:42:52,541 - INFO - Processing table 1/77: auth_group
2025-07-13 16:42:52,556 - INFO - Table auth_group is empty, skipping...
2025-07-13 16:42:52,556 - INFO - Processing table 2/77: auth_group_permissions
2025-07-13 16:42:52,563 - INFO - Table auth_group_permissions is empty, skipping...
2025-07-13 16:42:52,563 - INFO - Processing table 3/77: auth_permission
2025-07-13 16:42:52,568 - INFO - Copying 252 rows from auth_permission...
2025-07-13 16:42:52,570 - WARNING - Could not disable triggers for auth_permission: permission denied: "RI_ConstraintTrigger_a_69096" is a system trigger

2025-07-13 16:42:52,572 - ERROR - Failed to copy data for table auth_permission: current transaction is aborted, commands ignored until end of transaction block

2025-07-13 16:42:52,572 - WARNING - Could not enable triggers for auth_permission: current transaction is aborted, commands ignored until end of transaction block

2025-07-13 16:42:52,573 - INFO - Processing table 4/77: authtoken_token
2025-07-13 16:42:52,576 - ERROR - Failed to copy data for table authtoken_token: current transaction is aborted, commands ignored until end of transaction block

2025-07-13 16:42:52,577 - WARNING - Could not enable triggers for authtoken_token: current transaction is aborted, commands ignored until end of transaction block

2025-07-13 16:42:52,577 - INFO - Processing table 5/77: django_admin_log
2025-07-13 16:42:52,581 - ERROR - Failed to copy data for table django_admin_log: current transaction is aborted, commands ignored until end of transaction block

2025-07-13 16:42:52,581 - WARNING - Could not enable triggers for django_admin_log: current transaction is aborted, commands ignored until end of transaction block

2025-07-13 16:42:52,581 - INFO - Processing table 6/77: django_content_type
2025-07-13 16:42:52,585 - ERROR - Failed to copy data for table django_content_type: current transaction is aborted, commands ignored until end of transaction block

2025-07-13 16:42:52,585 - WARNING - Could not enable triggers for django_content_type: current transaction is aborted, commands ignored until end of transaction block

2025-07-13 16:42:52,585 - INFO - Processing table 7/77: django_migrations
2025-07-13 16:42:52,589 - ERROR - Failed to copy data for table django_migrations: current transaction is aborted, commands ignored until end of transaction block

2025-07-13 16:42:52,590 - WARNING - Could not enable triggers for django_migrations: current transaction is aborted, commands ignored until end of transaction block

2025-07-13 16:42:52,590 - INFO - Processing table 8/77: django_session
2025-07-13 16:42:52,594 - ERROR - Failed to copy data for table django_session: current transaction is aborted, commands ignored until end of transaction block

2025-07-13 16:42:52,595 - WARNING - Could not enable triggers for django_session: current transaction is aborted, commands ignored until end of transaction block

2025-07-13 16:42:52,595 - INFO - Processing table 9/77: skytron_api_alertslog
2025-07-13 16:42:52,599 - ERROR - Failed to copy data for table skytron_api_alertslog: current transaction is aborted, commands ignored until end of transaction block

2025-07-13 16:42:52,600 - WARNING - Could not enable triggers for skytron_api_alertslog: current transaction is aborted, commands ignored until end of transaction block

2025-07-13 16:42:52,600 - INFO - Processing table 10/77: skytron_api_captcha
2025-07-13 16:42:52,605 - ERROR - Failed to copy data for table skytron_api_captcha: current transaction is aborted, commands ignored until end of transaction block

2025-07-13 16:42:52,606 - WARNING - Could not enable triggers for skytron_api_captcha: current transaction is aborted, commands ignored until end of transaction block

2025-07-13 16:42:52,606 - INFO - Processing table 11/77: skytron_api_confirmation
2025-07-13 16:42:52,609 - ERROR - Failed to copy data for table skytron_api_confirmation: current transaction is aborted, commands ignored until end of transaction block

2025-07-13 16:42:52,609 - WARNING - Could not enable triggers for skytron_api_confirmation: current transaction is aborted, commands ignored until end of transaction block

2025-07-13 16:42:52,610 - INFO - Processing table 12/77: skytron_api_device
2025-07-13 16:42:52,612 - ERROR - Failed to copy data for table skytron_api_device: current transaction is aborted, commands ignored until end of transaction block

2025-07-13 16:42:52,613 - WARNING - Could not enable triggers for skytron_api_device: current transaction is aborted, commands ignored until end of transaction block

2025-07-13 16:42:52,613 - INFO - Processing table 13/77: skytron_api_devicecop
2025-07-13 16:42:52,615 - ERROR - Failed to copy data for table skytron_api_devicecop: current transaction is aborted, commands ignored until end of transaction block

2025-07-13 16:42:52,616 - WARNING - Could not enable triggers for skytron_api_devicecop: current transaction is aborted, commands ignored until end of transaction block

2025-07-13 16:42:52,616 - INFO - Processing table 14/77: skytron_api_devicemodel
2025-07-13 16:42:52,619 - ERROR - Failed to copy data for table skytron_api_devicemodel: current transaction is aborted, commands ignored until end of transaction block

2025-07-13 16:42:52,619 - WARNING - Could not enable triggers for skytron_api_devicemodel: current transaction is aborted, commands ignored until end of transaction block

2025-07-13 16:42:52,619 - INFO - Processing table 15/77: skytron_api_devicemodel_eSimProviders
2025-07-13 16:42:52,623 - ERROR - Failed to copy data for table skytron_api_devicemodel_eSimProviders: current transaction is aborted, commands ignored until end of transaction block

2025-07-13 16:42:52,624 - WARNING - Could not enable triggers for skytron_api_devicemodel_eSimProviders: current transaction is aborted, commands ignored until end of transaction block

2025-07-13 16:42:52,624 - INFO - Processing table 16/77: skytron_api_devicestock
2025-07-13 16:42:52,628 - ERROR - Failed to copy data for table skytron_api_devicestock: current transaction is aborted, commands ignored until end of transaction block

2025-07-13 16:42:52,628 - WARNING - Could not enable triggers for skytron_api_devicestock: current transaction is aborted, commands ignored until end of transaction block

2025-07-13 16:42:52,629 - INFO - Processing table 17/77: skytron_api_devicestock_esim_provider
2025-07-13 16:42:52,633 - ERROR - Failed to copy data for table skytron_api_devicestock_esim_provider: current transaction is aborted, commands ignored until end of transaction block

2025-07-13 16:42:52,633 - WARNING - Could not enable triggers for skytron_api_devicestock_esim_provider: current transaction is aborted, commands ignored until end of transaction block

2025-07-13 16:42:52,633 - INFO - Processing table 18/77: skytron_api_devicetag
2025-07-13 16:42:52,636 - ERROR - Failed to copy data for table skytron_api_devicetag: current transaction is aborted, commands ignored until end of transaction block

2025-07-13 16:42:52,637 - WARNING - Could not enable triggers for skytron_api_devicetag: current transaction is aborted, commands ignored until end of transaction block

2025-07-13 16:42:52,637 - INFO - Processing table 19/77: skytron_api_devicetag_drivers
2025-07-13 16:42:52,640 - ERROR - Failed to copy data for table skytron_api_devicetag_drivers: current transaction is aborted, commands ignored until end of transaction block

2025-07-13 16:42:52,641 - WARNING - Could not enable triggers for skytron_api_devicetag_drivers: current transaction is aborted, commands ignored until end of transaction block

2025-07-13 16:42:52,641 - INFO - Processing table 20/77: skytron_api_driver
2025-07-13 16:42:52,643 - ERROR - Failed to copy data for table skytron_api_driver: current transaction is aborted, commands ignored until end of transaction block

2025-07-13 16:42:52,644 - WARNING - Could not enable triggers for skytron_api_driver: current transaction is aborted, commands ignored until end of transaction block

2025-07-13 16:42:52,644 - INFO - Processing table 21/77: skytron_api_dto_rto
2025-07-13 16:42:52,647 - ERROR - Failed to copy data for table skytron_api_dto_rto: current transaction is aborted, commands ignored until end of transaction block

2025-07-13 16:42:52,648 - WARNING - Could not enable triggers for skytron_api_dto_rto: current transaction is aborted, commands ignored until end of transaction block

2025-07-13 16:42:52,648 - INFO - Processing table 22/77: skytron_api_dto_rto_users
2025-07-13 16:42:52,650 - ERROR - Failed to copy data for table skytron_api_dto_rto_users: current transaction is aborted, commands ignored until end of transaction block

2025-07-13 16:42:52,652 - WARNING - Could not enable triggers for skytron_api_dto_rto_users: current transaction is aborted, commands ignored until end of transaction block

2025-07-13 16:42:52,652 - INFO - Processing table 23/77: skytron_api_editrequest
2025-07-13 16:42:52,655 - ERROR - Failed to copy data for table skytron_api_editrequest: current transaction is aborted, commands ignored until end of transaction block

2025-07-13 16:42:52,656 - WARNING - Could not enable triggers for skytron_api_editrequest: current transaction is aborted, commands ignored until end of transaction block

2025-07-13 16:42:52,656 - INFO - Processing table 24/77: skytron_api_em_admin
2025-07-13 16:42:52,659 - ERROR - Failed to copy data for table skytron_api_em_admin: current transaction is aborted, commands ignored until end of transaction block

2025-07-13 16:42:52,661 - WARNING - Could not enable triggers for skytron_api_em_admin: current transaction is aborted, commands ignored until end of transaction block

2025-07-13 16:42:52,661 - INFO - Processing table 25/77: skytron_api_em_admin_users
2025-07-13 16:42:52,664 - ERROR - Failed to copy data for table skytron_api_em_admin_users: current transaction is aborted, commands ignored until end of transaction block

2025-07-13 16:42:52,665 - WARNING - Could not enable triggers for skytron_api_em_admin_users: current transaction is aborted, commands ignored until end of transaction block

2025-07-13 16:42:52,665 - INFO - Processing table 26/77: skytron_api_em_ex
2025-07-13 16:42:52,668 - ERROR - Failed to copy data for table skytron_api_em_ex: current transaction is aborted, commands ignored until end of transaction block

2025-07-13 16:42:52,669 - WARNING - Could not enable triggers for skytron_api_em_ex: current transaction is aborted, commands ignored until end of transaction block

2025-07-13 16:42:52,669 - INFO - Processing table 27/77: skytron_api_em_ex_users
2025-07-13 16:42:52,672 - ERROR - Failed to copy data for table skytron_api_em_ex_users: current transaction is aborted, commands ignored until end of transaction block

2025-07-13 16:42:52,673 - WARNING - Could not enable triggers for skytron_api_em_ex_users: current transaction is aborted, commands ignored until end of transaction block

2025-07-13 16:42:52,673 - INFO - Processing table 28/77: skytron_api_emcall
2025-07-13 16:42:52,676 - ERROR - Failed to copy data for table skytron_api_emcall: current transaction is aborted, commands ignored until end of transaction block

2025-07-13 16:42:52,677 - WARNING - Could not enable triggers for skytron_api_emcall: current transaction is aborted, commands ignored until end of transaction block

2025-07-13 16:42:52,677 - INFO - Processing table 29/77: skytron_api_emcallassignment
2025-07-13 16:42:52,679 - ERROR - Failed to copy data for table skytron_api_emcallassignment: current transaction is aborted, commands ignored until end of transaction block

2025-07-13 16:42:52,680 - WARNING - Could not enable triggers for skytron_api_emcallassignment: current transaction is aborted, commands ignored until end of transaction block

2025-07-13 16:42:52,680 - INFO - Processing table 30/77: skytron_api_emcallbackuprequest
2025-07-13 16:42:52,683 - ERROR - Failed to copy data for table skytron_api_emcallbackuprequest: current transaction is aborted, commands ignored until end of transaction block

2025-07-13 16:42:52,683 - WARNING - Could not enable triggers for skytron_api_emcallbackuprequest: current transaction is aborted, commands ignored until end of transaction block

2025-07-13 16:42:52,684 - INFO - Processing table 31/77: skytron_api_emcallbroadcast
2025-07-13 16:42:52,687 - ERROR - Failed to copy data for table skytron_api_emcallbroadcast: current transaction is aborted, commands ignored until end of transaction block

2025-07-13 16:42:52,688 - WARNING - Could not enable triggers for skytron_api_emcallbroadcast: current transaction is aborted, commands ignored until end of transaction block

2025-07-13 16:42:52,688 - INFO - Processing table 32/77: skytron_api_emcallmessages
2025-07-13 16:42:52,691 - ERROR - Failed to copy data for table skytron_api_emcallmessages: current transaction is aborted, commands ignored until end of transaction block

2025-07-13 16:42:52,692 - WARNING - Could not enable triggers for skytron_api_emcallmessages: current transaction is aborted, commands ignored until end of transaction block

2025-07-13 16:42:52,692 - INFO - Processing table 33/77: skytron_api_emgpslocation
2025-07-13 16:42:52,695 - ERROR - Failed to copy data for table skytron_api_emgpslocation: current transaction is aborted, commands ignored until end of transaction block

2025-07-13 16:42:52,696 - WARNING - Could not enable triggers for skytron_api_emgpslocation: current transaction is aborted, commands ignored until end of transaction block

2025-07-13 16:42:52,696 - INFO - Processing table 34/77: skytron_api_emteams
2025-07-13 16:42:52,698 - ERROR - Failed to copy data for table skytron_api_emteams: current transaction is aborted, commands ignored until end of transaction block

2025-07-13 16:42:52,700 - WARNING - Could not enable triggers for skytron_api_emteams: current transaction is aborted, commands ignored until end of transaction block

2025-07-13 16:42:52,700 - INFO - Processing table 35/77: skytron_api_emteams_members
2025-07-13 16:42:52,702 - ERROR - Failed to copy data for table skytron_api_emteams_members: current transaction is aborted, commands ignored until end of transaction block

2025-07-13 16:42:52,703 - WARNING - Could not enable triggers for skytron_api_emteams_members: current transaction is aborted, commands ignored until end of transaction block

2025-07-13 16:42:52,703 - INFO - Processing table 36/77: skytron_api_emuserlocation
2025-07-13 16:42:52,706 - ERROR - Failed to copy data for table skytron_api_emuserlocation: current transaction is aborted, commands ignored until end of transaction block

2025-07-13 16:42:52,707 - WARNING - Could not enable triggers for skytron_api_emuserlocation: current transaction is aborted, commands ignored until end of transaction block

2025-07-13 16:42:52,707 - INFO - Processing table 37/77: skytron_api_esimactivationrequest
2025-07-13 16:42:52,709 - ERROR - Failed to copy data for table skytron_api_esimactivationrequest: current transaction is aborted, commands ignored until end of transaction block

2025-07-13 16:42:52,710 - WARNING - Could not enable triggers for skytron_api_esimactivationrequest: current transaction is aborted, commands ignored until end of transaction block

2025-07-13 16:42:52,711 - INFO - Processing table 38/77: skytron_api_esimprovider
2025-07-13 16:42:52,713 - ERROR - Failed to copy data for table skytron_api_esimprovider: current transaction is aborted, commands ignored until end of transaction block

2025-07-13 16:42:52,714 - WARNING - Could not enable triggers for skytron_api_esimprovider: current transaction is aborted, commands ignored until end of transaction block

2025-07-13 16:42:52,714 - INFO - Processing table 39/77: skytron_api_esimprovider_users
2025-07-13 16:42:52,718 - ERROR - Failed to copy data for table skytron_api_esimprovider_users: current transaction is aborted, commands ignored until end of transaction block

2025-07-13 16:42:52,719 - WARNING - Could not enable triggers for skytron_api_esimprovider_users: current transaction is aborted, commands ignored until end of transaction block

2025-07-13 16:42:52,719 - INFO - Processing table 40/77: skytron_api_fota
2025-07-13 16:42:52,722 - ERROR - Failed to copy data for table skytron_api_fota: current transaction is aborted, commands ignored until end of transaction block

2025-07-13 16:42:52,723 - WARNING - Could not enable triggers for skytron_api_fota: current transaction is aborted, commands ignored until end of transaction block

2025-07-13 16:42:52,723 - INFO - Processing table 41/77: skytron_api_gpsdata
2025-07-13 16:42:52,726 - ERROR - Failed to copy data for table skytron_api_gpsdata: current transaction is aborted, commands ignored until end of transaction block

2025-07-13 16:42:52,727 - WARNING - Could not enable triggers for skytron_api_gpsdata: current transaction is aborted, commands ignored until end of transaction block

2025-07-13 16:42:52,728 - INFO - Processing table 42/77: skytron_api_gpsdatalog
2025-07-13 16:42:52,730 - ERROR - Failed to copy data for table skytron_api_gpsdatalog: current transaction is aborted, commands ignored until end of transaction block

2025-07-13 16:42:52,731 - WARNING - Could not enable triggers for skytron_api_gpsdatalog: current transaction is aborted, commands ignored until end of transaction block

2025-07-13 16:42:52,732 - INFO - Processing table 43/77: skytron_api_gpsemdatalog
2025-07-13 16:42:52,735 - ERROR - Failed to copy data for table skytron_api_gpsemdatalog: current transaction is aborted, commands ignored until end of transaction block

2025-07-13 16:42:52,736 - WARNING - Could not enable triggers for skytron_api_gpsemdatalog: current transaction is aborted, commands ignored until end of transaction block

2025-07-13 16:42:52,737 - INFO - Processing table 44/77: skytron_api_holiday
2025-07-13 16:42:52,739 - ERROR - Failed to copy data for table skytron_api_holiday: current transaction is aborted, commands ignored until end of transaction block

2025-07-13 16:42:52,741 - WARNING - Could not enable triggers for skytron_api_holiday: current transaction is aborted, commands ignored until end of transaction block

2025-07-13 16:42:52,741 - INFO - Processing table 45/77: skytron_api_holiday_vehicles
2025-07-13 16:42:52,744 - ERROR - Failed to copy data for table skytron_api_holiday_vehicles: current transaction is aborted, commands ignored until end of transaction block

2025-07-13 16:42:52,745 - WARNING - Could not enable triggers for skytron_api_holiday_vehicles: current transaction is aborted, commands ignored until end of transaction block

2025-07-13 16:42:52,745 - INFO - Processing table 46/77: skytron_api_iplist
2025-07-13 16:42:52,748 - ERROR - Failed to copy data for table skytron_api_iplist: current transaction is aborted, commands ignored until end of transaction block

2025-07-13 16:42:52,749 - WARNING - Could not enable triggers for skytron_api_iplist: current transaction is aborted, commands ignored until end of transaction block

2025-07-13 16:42:52,749 - INFO - Processing table 47/77: skytron_api_manufacturer
2025-07-13 16:42:52,752 - ERROR - Failed to copy data for table skytron_api_manufacturer: current transaction is aborted, commands ignored until end of transaction block

2025-07-13 16:42:52,753 - WARNING - Could not enable triggers for skytron_api_manufacturer: current transaction is aborted, commands ignored until end of transaction block

2025-07-13 16:42:52,753 - INFO - Processing table 48/77: skytron_api_manufacturer_esim_provider
2025-07-13 16:42:52,755 - ERROR - Failed to copy data for table skytron_api_manufacturer_esim_provider: current transaction is aborted, commands ignored until end of transaction block

2025-07-13 16:42:52,756 - WARNING - Could not enable triggers for skytron_api_manufacturer_esim_provider: current transaction is aborted, commands ignored until end of transaction block

2025-07-13 16:42:52,756 - INFO - Processing table 49/77: skytron_api_manufacturer_users
2025-07-13 16:42:52,760 - ERROR - Failed to copy data for table skytron_api_manufacturer_users: current transaction is aborted, commands ignored until end of transaction block

2025-07-13 16:42:52,762 - WARNING - Could not enable triggers for skytron_api_manufacturer_users: current transaction is aborted, commands ignored until end of transaction block

2025-07-13 16:42:52,762 - INFO - Processing table 50/77: skytron_api_media_file1
2025-07-13 16:42:52,765 - ERROR - Failed to copy data for table skytron_api_media_file1: current transaction is aborted, commands ignored until end of transaction block

2025-07-13 16:42:52,767 - WARNING - Could not enable triggers for skytron_api_media_file1: current transaction is aborted, commands ignored until end of transaction block

2025-07-13 16:42:52,767 - INFO - Processing table 51/77: skytron_api_notice
2025-07-13 16:42:52,771 - ERROR - Failed to copy data for table skytron_api_notice: current transaction is aborted, commands ignored until end of transaction block

2025-07-13 16:42:52,771 - WARNING - Could not enable triggers for skytron_api_notice: current transaction is aborted, commands ignored until end of transaction block

2025-07-13 16:42:52,772 - INFO - Processing table 52/77: skytron_api_otprequest
2025-07-13 16:42:52,775 - ERROR - Failed to copy data for table skytron_api_otprequest: current transaction is aborted, commands ignored until end of transaction block

2025-07-13 16:42:52,776 - WARNING - Could not enable triggers for skytron_api_otprequest: current transaction is aborted, commands ignored until end of transaction block

2025-07-13 16:42:52,776 - INFO - Processing table 53/77: skytron_api_pointofinterests
2025-07-13 16:42:52,779 - ERROR - Failed to copy data for table skytron_api_pointofinterests: current transaction is aborted, commands ignored until end of transaction block

2025-07-13 16:42:52,780 - WARNING - Could not enable triggers for skytron_api_pointofinterests: current transaction is aborted, commands ignored until end of transaction block

2025-07-13 16:42:52,780 - INFO - Processing table 54/77: skytron_api_requestlog
2025-07-13 16:42:52,783 - ERROR - Failed to copy data for table skytron_api_requestlog: current transaction is aborted, commands ignored until end of transaction block

2025-07-13 16:42:52,783 - WARNING - Could not enable triggers for skytron_api_requestlog: current transaction is aborted, commands ignored until end of transaction block

2025-07-13 16:42:52,783 - INFO - Processing table 55/77: skytron_api_requestlogaaaaa
2025-07-13 16:42:52,787 - ERROR - Failed to copy data for table skytron_api_requestlogaaaaa: current transaction is aborted, commands ignored until end of transaction block

2025-07-13 16:42:52,787 - WARNING - Could not enable triggers for skytron_api_requestlogaaaaa: current transaction is aborted, commands ignored until end of transaction block

2025-07-13 16:42:52,788 - INFO - Processing table 56/77: skytron_api_retailer
2025-07-13 16:42:52,791 - ERROR - Failed to copy data for table skytron_api_retailer: current transaction is aborted, commands ignored until end of transaction block

2025-07-13 16:42:52,791 - WARNING - Could not enable triggers for skytron_api_retailer: current transaction is aborted, commands ignored until end of transaction block

2025-07-13 16:42:52,791 - INFO - Processing table 57/77: skytron_api_retailer_users
2025-07-13 16:42:52,794 - ERROR - Failed to copy data for table skytron_api_retailer_users: current transaction is aborted, commands ignored until end of transaction block

2025-07-13 16:42:52,796 - WARNING - Could not enable triggers for skytron_api_retailer_users: current transaction is aborted, commands ignored until end of transaction block

2025-07-13 16:42:52,796 - INFO - Processing table 58/77: skytron_api_route
2025-07-13 16:42:52,800 - ERROR - Failed to copy data for table skytron_api_route: current transaction is aborted, commands ignored until end of transaction block

2025-07-13 16:42:52,801 - WARNING - Could not enable triggers for skytron_api_route: current transaction is aborted, commands ignored until end of transaction block

2025-07-13 16:42:52,801 - INFO - Processing table 59/77: skytron_api_session
2025-07-13 16:42:52,804 - ERROR - Failed to copy data for table skytron_api_session: current transaction is aborted, commands ignored until end of transaction block

2025-07-13 16:42:52,805 - WARNING - Could not enable triggers for skytron_api_session: current transaction is aborted, commands ignored until end of transaction block

2025-07-13 16:42:52,806 - INFO - Processing table 60/77: skytron_api_settings
2025-07-13 16:42:52,809 - ERROR - Failed to copy data for table skytron_api_settings: current transaction is aborted, commands ignored until end of transaction block

2025-07-13 16:42:52,810 - WARNING - Could not enable triggers for skytron_api_settings: current transaction is aborted, commands ignored until end of transaction block

2025-07-13 16:42:52,810 - INFO - Processing table 61/77: skytron_api_settings_district
2025-07-13 16:42:52,813 - ERROR - Failed to copy data for table skytron_api_settings_district: current transaction is aborted, commands ignored until end of transaction block

2025-07-13 16:42:52,814 - WARNING - Could not enable triggers for skytron_api_settings_district: current transaction is aborted, commands ignored until end of transaction block

2025-07-13 16:42:52,814 - INFO - Processing table 62/77: skytron_api_settings_firmware
2025-07-13 16:42:52,816 - ERROR - Failed to copy data for table skytron_api_settings_firmware: current transaction is aborted, commands ignored until end of transaction block

2025-07-13 16:42:52,817 - WARNING - Could not enable triggers for skytron_api_settings_firmware: current transaction is aborted, commands ignored until end of transaction block

2025-07-13 16:42:52,817 - INFO - Processing table 63/77: skytron_api_settings_hp_freq
2025-07-13 16:42:52,820 - ERROR - Failed to copy data for table skytron_api_settings_hp_freq: current transaction is aborted, commands ignored until end of transaction block

2025-07-13 16:42:52,821 - WARNING - Could not enable triggers for skytron_api_settings_hp_freq: current transaction is aborted, commands ignored until end of transaction block

2025-07-13 16:42:52,822 - INFO - Processing table 64/77: skytron_api_settings_ip
2025-07-13 16:42:52,825 - ERROR - Failed to copy data for table skytron_api_settings_ip: current transaction is aborted, commands ignored until end of transaction block

2025-07-13 16:42:52,826 - WARNING - Could not enable triggers for skytron_api_settings_ip: current transaction is aborted, commands ignored until end of transaction block

2025-07-13 16:42:52,826 - INFO - Processing table 65/77: skytron_api_settings_ip3
2025-07-13 16:42:52,829 - ERROR - Failed to copy data for table skytron_api_settings_ip3: current transaction is aborted, commands ignored until end of transaction block

2025-07-13 16:42:52,830 - WARNING - Could not enable triggers for skytron_api_settings_ip3: current transaction is aborted, commands ignored until end of transaction block

2025-07-13 16:42:52,830 - INFO - Processing table 66/77: skytron_api_settings_state
2025-07-13 16:42:52,833 - ERROR - Failed to copy data for table skytron_api_settings_state: current transaction is aborted, commands ignored until end of transaction block

2025-07-13 16:42:52,835 - WARNING - Could not enable triggers for skytron_api_settings_state: current transaction is aborted, commands ignored until end of transaction block

2025-07-13 16:42:52,835 - INFO - Processing table 67/77: skytron_api_settings_vehiclecategory
2025-07-13 16:42:52,838 - ERROR - Failed to copy data for table skytron_api_settings_vehiclecategory: current transaction is aborted, commands ignored until end of transaction block

2025-07-13 16:42:52,839 - WARNING - Could not enable triggers for skytron_api_settings_vehiclecategory: current transaction is aborted, commands ignored until end of transaction block

2025-07-13 16:42:52,840 - INFO - Processing table 68/77: skytron_api_sms_in
2025-07-13 16:42:52,843 - ERROR - Failed to copy data for table skytron_api_sms_in: current transaction is aborted, commands ignored until end of transaction block

2025-07-13 16:42:52,844 - WARNING - Could not enable triggers for skytron_api_sms_in: current transaction is aborted, commands ignored until end of transaction block

2025-07-13 16:42:52,845 - INFO - Processing table 69/77: skytron_api_sms_out
2025-07-13 16:42:52,847 - ERROR - Failed to copy data for table skytron_api_sms_out: current transaction is aborted, commands ignored until end of transaction block

2025-07-13 16:42:52,848 - WARNING - Could not enable triggers for skytron_api_sms_out: current transaction is aborted, commands ignored until end of transaction block

2025-07-13 16:42:52,849 - INFO - Processing table 70/77: skytron_api_stateadmin
2025-07-13 16:42:52,852 - ERROR - Failed to copy data for table skytron_api_stateadmin: current transaction is aborted, commands ignored until end of transaction block

2025-07-13 16:42:52,852 - WARNING - Could not enable triggers for skytron_api_stateadmin: current transaction is aborted, commands ignored until end of transaction block

2025-07-13 16:42:52,853 - INFO - Processing table 71/77: skytron_api_stateadmin_users
2025-07-13 16:42:52,856 - ERROR - Failed to copy data for table skytron_api_stateadmin_users: current transaction is aborted, commands ignored until end of transaction block

2025-07-13 16:42:52,857 - WARNING - Could not enable triggers for skytron_api_stateadmin_users: current transaction is aborted, commands ignored until end of transaction block

2025-07-13 16:42:52,857 - INFO - Processing table 72/77: skytron_api_tempuser
2025-07-13 16:42:52,861 - ERROR - Failed to copy data for table skytron_api_tempuser: current transaction is aborted, commands ignored until end of transaction block

2025-07-13 16:42:52,862 - WARNING - Could not enable triggers for skytron_api_tempuser: current transaction is aborted, commands ignored until end of transaction block

2025-07-13 16:42:52,862 - INFO - Processing table 73/77: skytron_api_user
2025-07-13 16:42:52,865 - ERROR - Failed to copy data for table skytron_api_user: current transaction is aborted, commands ignored until end of transaction block

2025-07-13 16:42:52,867 - WARNING - Could not enable triggers for skytron_api_user: current transaction is aborted, commands ignored until end of transaction block

2025-07-13 16:42:52,867 - INFO - Processing table 74/77: skytron_api_user_groups
2025-07-13 16:42:52,870 - ERROR - Failed to copy data for table skytron_api_user_groups: current transaction is aborted, commands ignored until end of transaction block

2025-07-13 16:42:52,871 - WARNING - Could not enable triggers for skytron_api_user_groups: current transaction is aborted, commands ignored until end of transaction block

2025-07-13 16:42:52,871 - INFO - Processing table 75/77: skytron_api_user_user_permissions
2025-07-13 16:42:52,874 - ERROR - Failed to copy data for table skytron_api_user_user_permissions: current transaction is aborted, commands ignored until end of transaction block

2025-07-13 16:42:52,876 - WARNING - Could not enable triggers for skytron_api_user_user_permissions: current transaction is aborted, commands ignored until end of transaction block

2025-07-13 16:42:52,876 - INFO - Processing table 76/77: skytron_api_vehicleowner
2025-07-13 16:42:52,879 - ERROR - Failed to copy data for table skytron_api_vehicleowner: current transaction is aborted, commands ignored until end of transaction block

2025-07-13 16:42:52,880 - WARNING - Could not enable triggers for skytron_api_vehicleowner: current transaction is aborted, commands ignored until end of transaction block

2025-07-13 16:42:52,880 - INFO - Processing table 77/77: skytron_api_vehicleowner_users
2025-07-13 16:42:52,883 - ERROR - Failed to copy data for table skytron_api_vehicleowner_users: current transaction is aborted, commands ignored until end of transaction block

2025-07-13 16:42:52,883 - WARNING - Could not enable triggers for skytron_api_vehicleowner_users: current transaction is aborted, commands ignored until end of transaction block

2025-07-13 16:42:52,884 - INFO - ==================================================
2025-07-13 16:42:52,884 - INFO - MIGRATION SUMMARY
2025-07-13 16:42:52,884 - INFO - ==================================================
2025-07-13 16:42:52,884 - INFO - Total tables: 77
2025-07-13 16:42:52,884 - INFO - Successful: 2
2025-07-13 16:42:52,884 - INFO - Failed: 75
2025-07-13 16:42:52,884 - INFO - Successful tables:
2025-07-13 16:42:52,884 - INFO -   ✓ auth_group
2025-07-13 16:42:52,884 - INFO -   ✓ auth_group_permissions
2025-07-13 16:42:52,884 - INFO - Failed tables:
2025-07-13 16:42:52,884 - INFO -   ✗ auth_permission
2025-07-13 16:42:52,884 - INFO -   ✗ authtoken_token
2025-07-13 16:42:52,884 - INFO -   ✗ django_admin_log
2025-07-13 16:42:52,884 - INFO -   ✗ django_content_type
2025-07-13 16:42:52,884 - INFO -   ✗ django_migrations
2025-07-13 16:42:52,884 - INFO -   ✗ django_session
2025-07-13 16:42:52,884 - INFO -   ✗ skytron_api_alertslog
2025-07-13 16:42:52,884 - INFO -   ✗ skytron_api_captcha
2025-07-13 16:42:52,884 - INFO -   ✗ skytron_api_confirmation
2025-07-13 16:42:52,884 - INFO -   ✗ skytron_api_device
2025-07-13 16:42:52,884 - INFO -   ✗ skytron_api_devicecop
2025-07-13 16:42:52,885 - INFO -   ✗ skytron_api_devicemodel
2025-07-13 16:42:52,885 - INFO -   ✗ skytron_api_devicemodel_eSimProviders
2025-07-13 16:42:52,885 - INFO -   ✗ skytron_api_devicestock
2025-07-13 16:42:52,885 - INFO -   ✗ skytron_api_devicestock_esim_provider
2025-07-13 16:42:52,885 - INFO -   ✗ skytron_api_devicetag
2025-07-13 16:42:52,885 - INFO -   ✗ skytron_api_devicetag_drivers
2025-07-13 16:42:52,885 - INFO -   ✗ skytron_api_driver
2025-07-13 16:42:52,885 - INFO -   ✗ skytron_api_dto_rto
2025-07-13 16:42:52,885 - INFO -   ✗ skytron_api_dto_rto_users
2025-07-13 16:42:52,885 - INFO -   ✗ skytron_api_editrequest
2025-07-13 16:42:52,885 - INFO -   ✗ skytron_api_em_admin
2025-07-13 16:42:52,885 - INFO -   ✗ skytron_api_em_admin_users
2025-07-13 16:42:52,885 - INFO -   ✗ skytron_api_em_ex
2025-07-13 16:42:52,885 - INFO -   ✗ skytron_api_em_ex_users
2025-07-13 16:42:52,885 - INFO -   ✗ skytron_api_emcall
2025-07-13 16:42:52,885 - INFO -   ✗ skytron_api_emcallassignment
2025-07-13 16:42:52,885 - INFO -   ✗ skytron_api_emcallbackuprequest
2025-07-13 16:42:52,885 - INFO -   ✗ skytron_api_emcallbroadcast
2025-07-13 16:42:52,885 - INFO -   ✗ skytron_api_emcallmessages
2025-07-13 16:42:52,885 - INFO -   ✗ skytron_api_emgpslocation
2025-07-13 16:42:52,885 - INFO -   ✗ skytron_api_emteams
2025-07-13 16:42:52,885 - INFO -   ✗ skytron_api_emteams_members
2025-07-13 16:42:52,885 - INFO -   ✗ skytron_api_emuserlocation
2025-07-13 16:42:52,885 - INFO -   ✗ skytron_api_esimactivationrequest
2025-07-13 16:42:52,885 - INFO -   ✗ skytron_api_esimprovider
2025-07-13 16:42:52,885 - INFO -   ✗ skytron_api_esimprovider_users
2025-07-13 16:42:52,886 - INFO -   ✗ skytron_api_fota
2025-07-13 16:42:52,886 - INFO -   ✗ skytron_api_gpsdata
2025-07-13 16:42:52,886 - INFO -   ✗ skytron_api_gpsdatalog
2025-07-13 16:42:52,886 - INFO -   ✗ skytron_api_gpsemdatalog
2025-07-13 16:42:52,886 - INFO -   ✗ skytron_api_holiday
2025-07-13 16:42:52,886 - INFO -   ✗ skytron_api_holiday_vehicles
2025-07-13 16:42:52,886 - INFO -   ✗ skytron_api_iplist
2025-07-13 16:42:52,886 - INFO -   ✗ skytron_api_manufacturer
2025-07-13 16:42:52,886 - INFO -   ✗ skytron_api_manufacturer_esim_provider
2025-07-13 16:42:52,886 - INFO -   ✗ skytron_api_manufacturer_users
2025-07-13 16:42:52,886 - INFO -   ✗ skytron_api_media_file1
2025-07-13 16:42:52,887 - INFO -   ✗ skytron_api_notice
2025-07-13 16:42:52,887 - INFO -   ✗ skytron_api_otprequest
2025-07-13 16:42:52,887 - INFO -   ✗ skytron_api_pointofinterests
2025-07-13 16:42:52,887 - INFO -   ✗ skytron_api_requestlog
2025-07-13 16:42:52,887 - INFO -   ✗ skytron_api_requestlogaaaaa
2025-07-13 16:42:52,887 - INFO -   ✗ skytron_api_retailer
2025-07-13 16:42:52,887 - INFO -   ✗ skytron_api_retailer_users
2025-07-13 16:42:52,887 - INFO -   ✗ skytron_api_route
2025-07-13 16:42:52,887 - INFO -   ✗ skytron_api_session
2025-07-13 16:42:52,887 - INFO -   ✗ skytron_api_settings
2025-07-13 16:42:52,887 - INFO -   ✗ skytron_api_settings_district
2025-07-13 16:42:52,887 - INFO -   ✗ skytron_api_settings_firmware
2025-07-13 16:42:52,887 - INFO -   ✗ skytron_api_settings_hp_freq
2025-07-13 16:42:52,887 - INFO -   ✗ skytron_api_settings_ip
2025-07-13 16:42:52,887 - INFO -   ✗ skytron_api_settings_ip3
2025-07-13 16:42:52,887 - INFO -   ✗ skytron_api_settings_state
2025-07-13 16:42:52,887 - INFO -   ✗ skytron_api_settings_vehiclecategory
2025-07-13 16:42:52,888 - INFO -   ✗ skytron_api_sms_in
2025-07-13 16:42:52,888 - INFO -   ✗ skytron_api_sms_out
2025-07-13 16:42:52,888 - INFO -   ✗ skytron_api_stateadmin
2025-07-13 16:42:52,888 - INFO -   ✗ skytron_api_stateadmin_users
2025-07-13 16:42:52,888 - INFO -   ✗ skytron_api_tempuser
2025-07-13 16:42:52,888 - INFO -   ✗ skytron_api_user
2025-07-13 16:42:52,888 - INFO -   ✗ skytron_api_user_groups
2025-07-13 16:42:52,888 - INFO -   ✗ skytron_api_user_user_permissions
2025-07-13 16:42:52,888 - INFO -   ✗ skytron_api_vehicleowner
2025-07-13 16:42:52,888 - INFO -   ✗ skytron_api_vehicleowner_users
